<?xml version="1.0" encoding="UTF-8"?>
<testsuite xmlns:xsi="http://www.w3.org/2001/XMLSchema-instance" xsi:noNamespaceSchemaLocation="https://maven.apache.org/surefire/maven-surefire-plugin/xsd/surefire-test-report.xsd" name="hibiscus.cetide.app.CodeGenerateTest" time="3.616" tests="2" errors="0" skipped="0" failures="0">
  <properties>
[...]
</properties>
  <testcase name="test" classname="hibiscus.cetide.app.CodeGenerateTest" time="0.202"/>
  <testcase name="pathTest" classname="hibiscus.cetide.app.CodeGenerateTest" time="0.002"/>
</testsuite>